<?xml version="1.0" encoding="UTF-8"?>
<!-- Generated by org.testng.reporters.JUnitReportReporter -->
<testsuite skipped="0" hostname="DESKTOP-TNFNRL1" name="testNGExample.TestCase3" tests="5" failures="0" timestamp="2021-07-18T14:03:46 IST" time="0.013" errors="0">
  <testcase name="groupTest5" time="0.002" classname="testNGExample.TestCase3"/>
  <system-out/>
  <testcase name="groupTest4" time="0.002" classname="testNGExample.TestCase3"/>
  <system-out/>
  <testcase name="groupTest2" time="0.002" classname="testNGExample.TestCase3"/>
  <system-out/>
  <testcase name="groupTest3" time="0.002" classname="testNGExample.TestCase3"/>
  <system-out/>
  <testcase name="groupTest1" time="0.005" classname="testNGExample.TestCase3"/>
  <system-out/>
</testsuite> <!-- testNGExample.TestCase3 -->
