<?xml version="1.0" encoding="UTF-8"?>
<!-- Generated by org.testng.reporters.JUnitReportReporter -->
<testsuite skipped="0" hostname="DESKTOP-TNFNRL1" name="testNGExample.TestCase2" tests="3" failures="0" timestamp="2021-07-18T14:03:46 IST" time="0.005" errors="0">
  <testcase name="insuranceTest" time="0.001" classname="testNGExample.TestCase2"/>
  <system-out/>
  <testcase name="excludeTest1" time="0.002" classname="testNGExample.TestCase2"/>
  <system-out/>
  <testcase name="excludeTest2" time="0.002" classname="testNGExample.TestCase2"/>
  <system-out/>
</testsuite> <!-- testNGExample.TestCase2 -->
